<?xml version="1.0" encoding="UTF-8"?>
<testsuite xmlns:xsi="http://www.w3.org/2001/XMLSchema-instance" xsi:noNamespaceSchemaLocation="https://maven.apache.org/surefire/maven-surefire-plugin/xsd/surefire-test-report-3.0.xsd" version="3.0" name="com.offheap.collections.list.OffHeapListTest" time="0.094" tests="6" errors="0" skipped="0" failures="0">
  <properties>
[...]
</properties>
  <testcase name="testInsertAndRemove" classname="com.offheap.collections.list.OffHeapListTest" time="0.073"/>
  <testcase name="testConcurrentAdd" classname="com.offheap.collections.list.OffHeapListTest" time="0.006"/>
  <testcase name="testEmptyList" classname="com.offheap.collections.list.OffHeapListTest" time="0.003"/>
  <testcase name="testBasicAddGetPositive" classname="com.offheap.collections.list.OffHeapListTest" time="0.003"/>
  <testcase name="testNegativeIndex" classname="com.offheap.collections.list.OffHeapListTest" time="0.003"/>
  <testcase name="testStream" classname="com.offheap.collections.list.OffHeapListTest" time="0.003"/>
</testsuite>